  [1m[35m (373.7ms)[0m  [1m[35mCREATE DATABASE "GoalApp_development" ENCODING = 'unicode'[0m
  ↳ bin/rails:9
  [1m[35m (406.0ms)[0m  [1m[35mCREATE DATABASE "GoalApp_test" ENCODING = 'unicode'[0m
  ↳ bin/rails:9
  [1m[35m (37.1ms)[0m  [1m[35mCREATE TABLE "schema_migrations" ("version" character varying NOT NULL PRIMARY KEY)[0m
  ↳ bin/rails:9
  [1m[35m (20.7ms)[0m  [1m[35mCREATE TABLE "ar_internal_metadata" ("key" character varying NOT NULL PRIMARY KEY, "value" character varying, "created_at" timestamp NOT NULL, "updated_at" timestamp NOT NULL)[0m
  ↳ bin/rails:9
  [1m[35m (0.2ms)[0m  [1m[34mSELECT pg_try_advisory_lock(3326608677441972405)[0m
  ↳ bin/rails:9
  [1m[35m (1.1ms)[0m  [1m[34mSELECT "schema_migrations"."version" FROM "schema_migrations" ORDER BY "schema_migrations"."version" ASC[0m
  ↳ bin/rails:9
Migrating to CreateUsers (20210818191205)
  [1m[35m (0.2ms)[0m  [1m[35mBEGIN[0m
  ↳ bin/rails:9
  [1m[35m (27.3ms)[0m  [1m[35mCREATE TABLE "users" ("id" bigserial primary key, "username" character varying NOT NULL, "password_digest" character varying NOT NULL, "session_token" character varying NOT NULL, "created_at" timestamp NOT NULL, "updated_at" timestamp NOT NULL)[0m
  ↳ db/migrate/20210818191205_create_users.rb:3
  [1m[35m (3.8ms)[0m  [1m[35mCREATE  INDEX  "index_users_on_username" ON "users"  ("username")[0m
  ↳ db/migrate/20210818191205_create_users.rb:11
  [1m[36mActiveRecord::SchemaMigration Create (40.1ms)[0m  [1m[32mINSERT INTO "schema_migrations" ("version") VALUES ($1) RETURNING "version"[0m  [["version", "20210818191205"]]
  ↳ bin/rails:9
  [1m[35m (9.1ms)[0m  [1m[35mCOMMIT[0m
  ↳ bin/rails:9
  [1m[36mActiveRecord::InternalMetadata Load (0.9ms)[0m  [1m[34mSELECT  "ar_internal_metadata".* FROM "ar_internal_metadata" WHERE "ar_internal_metadata"."key" = $1 LIMIT $2[0m  [["key", "environment"], ["LIMIT", 1]]
  ↳ bin/rails:9
  [1m[35m (0.4ms)[0m  [1m[35mBEGIN[0m
  ↳ bin/rails:9
  [1m[36mActiveRecord::InternalMetadata Create (1.1ms)[0m  [1m[32mINSERT INTO "ar_internal_metadata" ("key", "value", "created_at", "updated_at") VALUES ($1, $2, $3, $4) RETURNING "key"[0m  [["key", "environment"], ["value", "development"], ["created_at", "2021-08-18 19:15:30.097647"], ["updated_at", "2021-08-18 19:15:30.097647"]]
  ↳ bin/rails:9
  [1m[35m (12.4ms)[0m  [1m[35mCOMMIT[0m
  ↳ bin/rails:9
  [1m[35m (0.7ms)[0m  [1m[34mSELECT pg_advisory_unlock(3326608677441972405)[0m
  ↳ bin/rails:9
  [1m[35m (0.3ms)[0m  [1m[34mSELECT "schema_migrations"."version" FROM "schema_migrations" ORDER BY "schema_migrations"."version" ASC[0m
  ↳ bin/rails:9
  [1m[35m (314.2ms)[0m  [1m[35mCREATE DATABASE "GoalApp_development" ENCODING = 'unicode'[0m
  ↳ bin/rails:9
  [1m[35m (171.8ms)[0m  [1m[35mCREATE DATABASE "GoalApp_test" ENCODING = 'unicode'[0m
  ↳ bin/rails:9
  [1m[35m (31.9ms)[0m  [1m[35mCREATE TABLE "schema_migrations" ("version" character varying NOT NULL PRIMARY KEY)[0m
  ↳ bin/rails:9
  [1m[35m (2.9ms)[0m  [1m[35mCREATE TABLE "ar_internal_metadata" ("key" character varying NOT NULL PRIMARY KEY, "value" character varying, "created_at" timestamp NOT NULL, "updated_at" timestamp NOT NULL)[0m
  ↳ bin/rails:9
  [1m[35m (0.5ms)[0m  [1m[34mSELECT pg_try_advisory_lock(3326608677441972405)[0m
  ↳ bin/rails:9
  [1m[35m (0.6ms)[0m  [1m[34mSELECT "schema_migrations"."version" FROM "schema_migrations" ORDER BY "schema_migrations"."version" ASC[0m
  ↳ bin/rails:9
Migrating to CreateUsers (20210818191205)
  [1m[35m (0.1ms)[0m  [1m[35mBEGIN[0m
  ↳ bin/rails:9
  [1m[35m (8.2ms)[0m  [1m[35mCREATE TABLE "users" ("id" bigserial primary key, "username" character varying NOT NULL, "password_digest" character varying NOT NULL, "session_token" character varying NOT NULL, "created_at" timestamp NOT NULL, "updated_at" timestamp NOT NULL)[0m
  ↳ db/migrate/20210818191205_create_users.rb:3
  [1m[35m (1.3ms)[0m  [1m[35mCREATE  INDEX  "index_users_on_username" ON "users"  ("username")[0m
  ↳ db/migrate/20210818191205_create_users.rb:11
  [1m[36mActiveRecord::SchemaMigration Create (3.2ms)[0m  [1m[32mINSERT INTO "schema_migrations" ("version") VALUES ($1) RETURNING "version"[0m  [["version", "20210818191205"]]
  ↳ bin/rails:9
  [1m[35m (0.3ms)[0m  [1m[35mCOMMIT[0m
  ↳ bin/rails:9
Migrating to EditUsers (20210818205252)
  [1m[35m (0.7ms)[0m  [1m[35mBEGIN[0m
  ↳ bin/rails:9
  [1m[35m (2.3ms)[0m  [1m[35mCREATE  INDEX  "index_users_on_session_token" ON "users"  ("session_token")[0m
  ↳ db/migrate/20210818205252_edit_users.rb:3
  [1m[36mActiveRecord::SchemaMigration Create (0.9ms)[0m  [1m[32mINSERT INTO "schema_migrations" ("version") VALUES ($1) RETURNING "version"[0m  [["version", "20210818205252"]]
  ↳ bin/rails:9
  [1m[35m (0.6ms)[0m  [1m[35mCOMMIT[0m
  ↳ bin/rails:9
  [1m[36mActiveRecord::InternalMetadata Load (1.0ms)[0m  [1m[34mSELECT  "ar_internal_metadata".* FROM "ar_internal_metadata" WHERE "ar_internal_metadata"."key" = $1 LIMIT $2[0m  [["key", "environment"], ["LIMIT", 1]]
  ↳ bin/rails:9
  [1m[35m (0.3ms)[0m  [1m[35mBEGIN[0m
  ↳ bin/rails:9
  [1m[36mActiveRecord::InternalMetadata Create (2.0ms)[0m  [1m[32mINSERT INTO "ar_internal_metadata" ("key", "value", "created_at", "updated_at") VALUES ($1, $2, $3, $4) RETURNING "key"[0m  [["key", "environment"], ["value", "development"], ["created_at", "2021-08-18 20:54:30.429578"], ["updated_at", "2021-08-18 20:54:30.429578"]]
  ↳ bin/rails:9
  [1m[35m (0.3ms)[0m  [1m[35mCOMMIT[0m
  ↳ bin/rails:9
  [1m[35m (0.3ms)[0m  [1m[34mSELECT pg_advisory_unlock(3326608677441972405)[0m
  ↳ bin/rails:9
  [1m[35m (0.7ms)[0m  [1m[34mSELECT "schema_migrations"."version" FROM "schema_migrations" ORDER BY "schema_migrations"."version" ASC[0m
  ↳ bin/rails:9
  [1m[35m (0.4ms)[0m  [1m[34mSELECT "schema_migrations"."version" FROM "schema_migrations" ORDER BY "schema_migrations"."version" ASC[0m
  ↳ bin/rails:9
